<?xml version="1.0" encoding="UTF-8"?>
<testng-results total="1" passed="1" failed="0" skipped="0">
  <reporter-output>
  </reporter-output>
  <suite started-at="2024-02-17T05:57:38Z" name="Surefire suite" finished-at="2024-02-17T05:57:38Z" duration-ms="53">
    <groups>
    </groups>
    <test started-at="2024-02-17T05:57:38Z" name="Surefire test" finished-at="2024-02-17T05:57:38Z" duration-ms="53">
      <class name="com.makeMyTrip.testClasses.TestClassPractice">
        <test-method signature="Method1()[pri:0, instance:com.makeMyTrip.testClasses.TestClassPractice@646be2c3]" started-at="2024-02-17T11:27:38Z" name="Method1" finished-at="2024-02-17T11:27:38Z" duration-ms="28" status="PASS">
          <reporter-output>
          </reporter-output>
        </test-method> <!-- Method1 -->
      </class> <!-- com.makeMyTrip.testClasses.TestClassPractice -->
    </test> <!-- Surefire test -->
  </suite> <!-- Surefire suite -->
</testng-results>
